-----------------------------------------EJECUTANDO BENCHMARK N=30-----------------------------------------
benchmarking fibonacci/fib_memo
time                 2.405 μs   (2.399 μs .. 2.410 μs)
                     1.000 R²   (1.000 R² .. 1.000 R²)
mean                 2.406 μs   (2.399 μs .. 2.415 μs)
std dev              25.67 ns   (16.25 ns .. 40.78 ns)

benchmarking fibonacci/fib_memo2
time                 1.458 μs   (1.452 μs .. 1.464 μs)
                     1.000 R²   (1.000 R² .. 1.000 R²)
mean                 1.457 μs   (1.451 μs .. 1.463 μs)
std dev              20.09 ns   (14.05 ns .. 28.55 ns)
variance introduced by outliers: 13% (moderately inflated)

benchmarking fibonacci/fib_memo3
time                 409.9 ns   (408.8 ns .. 410.9 ns)
                     1.000 R²   (1.000 R² .. 1.000 R²)
mean                 410.3 ns   (409.1 ns .. 411.5 ns)
std dev              3.996 ns   (3.041 ns .. 5.670 ns)

-----------------------------------------EJECUTANDO BENCHMARK N=15000-----------------------------------------
benchmarking fibonacci/fib_memo
time                 7.385 ms   (7.317 ms .. 7.449 ms)
                     0.999 R²   (0.999 R² .. 1.000 R²)
mean                 7.367 ms   (7.327 ms .. 7.399 ms)
std dev              100.9 μs   (77.32 μs .. 133.0 μs)

benchmarking fibonacci/fib_memo2
time                 4.382 ms   (4.367 ms .. 4.398 ms)
                     1.000 R²   (0.999 R² .. 1.000 R²)
mean                 4.376 ms   (4.357 ms .. 4.396 ms)
std dev              60.18 μs   (45.25 μs .. 82.66 μs)

benchmarking fibonacci/fib_memo3
time                 491.8 μs   (488.9 μs .. 494.2 μs)
                     1.000 R²   (1.000 R² .. 1.000 R²)
mean                 489.9 μs   (487.7 μs .. 491.7 μs)
std dev              6.590 μs   (5.148 μs .. 8.947 μs)

-----------------------------------------EJECUTANDO BENCHMARK N=50000-----------------------------------------
benchmarking fibonacci/fib_memo
time                 30.08 ms   (29.86 ms .. 30.37 ms)
                     1.000 R²   (1.000 R² .. 1.000 R²)
mean                 29.92 ms   (29.50 ms .. 30.12 ms)
std dev              596.5 μs   (303.0 μs .. 995.4 μs)

benchmarking fibonacci/fib_memo2
time                 19.79 ms   (19.63 ms .. 19.92 ms)
                     1.000 R²   (0.999 R² .. 1.000 R²)
mean                 19.54 ms   (19.37 ms .. 19.65 ms)
std dev              326.3 μs   (233.6 μs .. 422.1 μs)

benchmarking fibonacci/fib_memo3
time                 4.879 ms   (4.852 ms .. 4.904 ms)
                     1.000 R²   (1.000 R² .. 1.000 R²)
mean                 4.810 ms   (4.781 ms .. 4.835 ms)
std dev              82.12 μs   (56.35 μs .. 106.9 μs)

-----------------------------------------EJECUTANDO BENCHMARK N=100000-----------------------------------------
benchmarking fibonacci/fib_memo
time                 65.07 ms   (64.52 ms .. 65.49 ms)
                     1.000 R²   (1.000 R² .. 1.000 R²)
mean                 64.70 ms   (64.21 ms .. 65.19 ms)
std dev              853.6 μs   (581.6 μs .. 1.271 ms)

benchmarking fibonacci/fib_memo2
time                 58.58 ms   (57.86 ms .. 59.28 ms)
                     1.000 R²   (0.999 R² .. 1.000 R²)
mean                 58.97 ms   (58.47 ms .. 60.23 ms)
std dev              1.374 ms   (650.7 μs .. 2.517 ms)

benchmarking fibonacci/fib_memo3
time                 11.66 ms   (11.58 ms .. 11.74 ms)
                     1.000 R²   (1.000 R² .. 1.000 R²)
mean                 11.67 ms   (11.62 ms .. 11.71 ms)
std dev              125.1 μs   (88.26 μs .. 175.6 μs)

-----------------------------------------EJECUTANDO BENCHMARK N=130000-----------------------------------------
benchmarking fibonacci/fib_memo
time                 89.31 ms   (88.06 ms .. 91.22 ms)
                     0.999 R²   (0.998 R² .. 1.000 R²)
mean                 89.21 ms   (87.73 ms .. 91.50 ms)
std dev              3.028 ms   (1.493 ms .. 4.801 ms)

benchmarking fibonacci/fib_memo2
time                 86.29 ms   (84.60 ms .. 87.28 ms)
                     0.999 R²   (0.998 R² .. 1.000 R²)
mean                 88.25 ms   (87.05 ms .. 89.93 ms)
std dev              2.434 ms   (1.383 ms .. 3.531 ms)

benchmarking fibonacci/fib_memo3
time                 18.13 ms   (18.04 ms .. 18.23 ms)
                     1.000 R²   (1.000 R² .. 1.000 R²)
mean                 18.11 ms   (18.04 ms .. 18.18 ms)
std dev              179.8 μs   (133.6 μs .. 264.1 μs)

