-----------------------------------------EJECUTANDO BENCHMARK N=30-----------------------------------------
benchmarking fibonacci/runMemoMapFib
time                 3.244 μs   (3.232 μs .. 3.255 μs)
                     1.000 R²   (1.000 R² .. 1.000 R²)
mean                 3.247 μs   (3.239 μs .. 3.257 μs)
std dev              29.68 ns   (24.47 ns .. 38.84 ns)

benchmarking fibonacci/runMemoArrayFib
time                 583.2 ns   (579.2 ns .. 587.4 ns)
                     1.000 R²   (1.000 R² .. 1.000 R²)
mean                 586.0 ns   (583.4 ns .. 588.0 ns)
std dev              7.697 ns   (6.238 ns .. 10.41 ns)
variance introduced by outliers: 12% (moderately inflated)

-----------------------------------------EJECUTANDO BENCHMARK N=15000-----------------------------------------
benchmarking fibonacci/runMemoMapFib
time                 17.21 ms   (17.02 ms .. 17.47 ms)
                     0.999 R²   (0.999 R² .. 1.000 R²)
mean                 17.47 ms   (17.37 ms .. 17.59 ms)
std dev              279.6 μs   (218.2 μs .. 382.1 μs)

benchmarking fibonacci/runMemoArrayFib
time                 573.7 μs   (569.1 μs .. 578.4 μs)
                     1.000 R²   (0.999 R² .. 1.000 R²)
mean                 575.3 μs   (573.0 μs .. 576.7 μs)
std dev              5.625 μs   (4.263 μs .. 7.508 μs)

-----------------------------------------EJECUTANDO BENCHMARK N=50000-----------------------------------------
benchmarking fibonacci/runMemoMapFib
time                 80.25 ms   (79.19 ms .. 81.26 ms)
                     1.000 R²   (0.999 R² .. 1.000 R²)
mean                 79.83 ms   (79.33 ms .. 80.26 ms)
std dev              804.8 μs   (582.5 μs .. 1.073 ms)

benchmarking fibonacci/runMemoArrayFib
time                 5.188 ms   (5.133 ms .. 5.227 ms)
                     0.999 R²   (0.999 R² .. 1.000 R²)
mean                 5.183 ms   (5.157 ms .. 5.202 ms)
std dev              66.66 μs   (45.32 μs .. 91.54 μs)

-----------------------------------------EJECUTANDO BENCHMARK N=100000-----------------------------------------
benchmarking fibonacci/runMemoMapFib
time                 177.6 ms   (174.8 ms .. 180.3 ms)
                     1.000 R²   (0.999 R² .. 1.000 R²)
mean                 178.2 ms   (176.5 ms .. 180.7 ms)
std dev              3.081 ms   (1.589 ms .. 4.651 ms)
variance introduced by outliers: 12% (moderately inflated)

benchmarking fibonacci/runMemoArrayFib
time                 13.66 ms   (13.60 ms .. 13.74 ms)
                     1.000 R²   (0.999 R² .. 1.000 R²)
mean                 13.56 ms   (13.48 ms .. 13.64 ms)
std dev              189.6 μs   (133.0 μs .. 286.0 μs)

-----------------------------------------EJECUTANDO BENCHMARK N=130000-----------------------------------------
benchmarking fibonacci/runMemoMapFib
time                 240.5 ms   (228.0 ms .. 251.8 ms)
                     0.999 R²   (0.999 R² .. 1.000 R²)
mean                 239.1 ms   (235.7 ms .. 243.5 ms)
std dev              4.721 ms   (2.268 ms .. 6.358 ms)
variance introduced by outliers: 16% (moderately inflated)

benchmarking fibonacci/runMemoArrayFib
time                 19.04 ms   (18.91 ms .. 19.14 ms)
                     1.000 R²   (0.999 R² .. 1.000 R²)
mean                 18.75 ms   (18.59 ms .. 18.87 ms)
std dev              339.6 μs   (249.5 μs .. 462.8 μs)

