----EJECUTANDO BENCHMARK [(4, 12), (2, 2), (2, 1), (1, 1), (10, 4)] 15--------------------------------------------------------------------------------------
benchmarking Mochila/runMemoKnapsack2
time                 3.183 μs   (3.158 μs .. 3.211 μs)
                     1.000 R²   (0.999 R² .. 1.000 R²)
mean                 3.215 μs   (3.198 μs .. 3.232 μs)
std dev              55.95 ns   (43.37 ns .. 70.99 ns)
variance introduced by outliers: 17% (moderately inflated)

benchmarking Mochila/runMemoKnapsack
time                 7.300 μs   (7.234 μs .. 7.358 μs)
                     1.000 R²   (0.999 R² .. 1.000 R²)
mean                 7.351 μs   (7.317 μs .. 7.407 μs)
std dev              148.6 ns   (92.81 ns .. 248.3 ns)
variance introduced by outliers: 20% (moderately inflated)

----EJECUTANDO BENCHMARK [(4, 12), (2, 2), (2, 1), (1, 1), (10, 4), (4, 12), (2, 2), (2, 1), (1, 1), (10, 4), (4, 12), (2, 2), (2, 1), (1, 1), (10, 4)] 50--
benchmarking Mochila/runMemoKnapsack2
time                 129.7 μs   (128.2 μs .. 130.9 μs)
                     0.999 R²   (0.999 R² .. 1.000 R²)
mean                 129.9 μs   (129.1 μs .. 130.7 μs)
std dev              2.736 μs   (2.426 μs .. 3.149 μs)
variance introduced by outliers: 15% (moderately inflated)

benchmarking Mochila/runMemoKnapsack
time                 590.7 μs   (585.7 μs .. 594.6 μs)
                     0.999 R²   (0.999 R² .. 1.000 R²)
mean                 590.5 μs   (587.2 μs .. 593.7 μs)
std dev              10.91 μs   (8.684 μs .. 14.90 μs)

----EJECUTANDO BENCHMARK [(4, 12), (2, 2), (2, 1), (1, 1), (10, 4),(4, 12), (2, 2), (2, 1), (1, 1), (10, 4),(4, 12), (2, 2), (2, 1), (1, 1), (10, 4), (5, 5), (3,8), (1,1), (9,1), (7, 3), (5, 5), (3,8), (1,1), (9,1), (7, 3)] 100-
benchmarking Mochila/runMemoKnapsack2
time                 446.8 μs   (442.7 μs .. 450.5 μs)
                     1.000 R²   (0.999 R² .. 1.000 R²)
mean                 446.6 μs   (443.9 μs .. 449.6 μs)
std dev              9.133 μs   (7.601 μs .. 13.77 μs)
variance introduced by outliers: 12% (moderately inflated)

benchmarking Mochila/runMemoKnapsack
time                 2.841 ms   (2.811 ms .. 2.870 ms)
                     1.000 R²   (0.999 R² .. 1.000 R²)
mean                 2.857 ms   (2.845 ms .. 2.872 ms)
std dev              43.16 μs   (28.84 μs .. 74.93 μs)

----EJECUTANDO BENCHMARK [(4, 12), (2, 2), (2, 1), (1, 1), (10, 4),(4, 12), (2, 2), (2, 1), (1, 1), (10, 4),(4, 12), (2, 2), (2, 1), (1, 1), (10, 4), (5, 5), (3,8), (1,1), (9,1), (7, 3), (5, 5), (3,8), (1,1), (9,1), (7, 3), (10, 4), (5, 5), (3,8), (1,1), (9,1), (7, 3), (5, 5), (3,8), (1,1), (9,1), (7, 3)]) 140-
benchmarking Mochila/runMemoKnapsack2
time                 1.344 ms   (1.328 ms .. 1.359 ms)
                     0.999 R²   (0.999 R² .. 1.000 R²)
mean                 1.350 ms   (1.342 ms .. 1.356 ms)
std dev              23.78 μs   (19.09 μs .. 29.63 μs)

benchmarking Mochila/runMemoKnapsack
time                 9.426 ms   (9.339 ms .. 9.497 ms)
                     1.000 R²   (1.000 R² .. 1.000 R²)
mean                 9.390 ms   (9.341 ms .. 9.431 ms)
std dev              121.6 μs   (87.09 μs .. 173.0 μs)

