----EJECUTANDO BENCHMARK [(4, 12), (2, 2), (2, 1), (1, 1), (10, 4)] 15--------------------------------------------------------------------------------------
benchmarking Mochila/memoKnapsack_memoTrie
time                 4.416 ns   (4.401 ns .. 4.428 ns)
                     1.000 R²   (1.000 R² .. 1.000 R²)
mean                 4.386 ns   (4.357 ns .. 4.422 ns)
std dev              109.5 ps   (87.56 ps .. 158.1 ps)
variance introduced by outliers: 42% (moderately inflated)

----EJECUTANDO BENCHMARK [(4, 12), (2, 2), (2, 1), (1, 1), (10, 4), (4, 12), (2, 2), (2, 1), (1, 1), (10, 4), (4, 12), (2, 2), (2, 1), (1, 1), (10, 4)] 50--
benchmarking Mochila/memoKnapsack_memoTrie
time                 4.449 ns   (4.423 ns .. 4.468 ns)
                     1.000 R²   (1.000 R² .. 1.000 R²)
mean                 4.441 ns   (4.416 ns .. 4.470 ns)
std dev              86.61 ps   (64.25 ps .. 135.6 ps)
variance introduced by outliers: 31% (moderately inflated)

----EJECUTANDO BENCHMARK [(4, 12), (2, 2), (2, 1), (1, 1), (10, 4),(4, 12), (2, 2), (2, 1), (1, 1), (10, 4),(4, 12), (2, 2), (2, 1), (1, 1), (10, 4), (5, 5), (3,8), (1,1), (9,1), (7, 3), (5, 5), (3,8), (1,1), (9,1), (7, 3)] 100-
benchmarking Mochila/memoKnapsack_memoTrie
time                 4.467 ns   (4.455 ns .. 4.479 ns)
                     1.000 R²   (1.000 R² .. 1.000 R²)
mean                 4.466 ns   (4.453 ns .. 4.476 ns)
std dev              36.75 ps   (27.17 ps .. 59.08 ps)

----EJECUTANDO BENCHMARK [(4, 12), (2, 2), (2, 1), (1, 1), (10, 4),(4, 12), (2, 2), (2, 1), (1, 1), (10, 4),(4, 12), (2, 2), (2, 1), (1, 1), (10, 4), (5, 5), (3,8), (1,1), (9,1), (7, 3), (5, 5), (3,8), (1,1), (9,1), (7, 3), (10, 4), (5, 5), (3,8), (1,1), (9,1), (7, 3), (5, 5), (3,8), (1,1), (9,1), (7, 3)]) 140-
benchmarking Mochila/memoKnapsack_memoTrie
time                 4.451 ns   (4.428 ns .. 4.468 ns)
                     1.000 R²   (1.000 R² .. 1.000 R²)
mean                 4.448 ns   (4.431 ns .. 4.463 ns)
std dev              56.45 ps   (44.64 ps .. 74.16 ps)
variance introduced by outliers: 16% (moderately inflated)

