----EJECUTANDO BENCHMARK [(4, 12), (2, 2), (2, 1), (1, 1), (10, 4)] 15--------------------------------------------------------------------------------------
benchmarking Mochila/memoKnapsack_memoize
time                 4.427 ns   (4.411 ns .. 4.440 ns)
                     1.000 R²   (1.000 R² .. 1.000 R²)
mean                 4.432 ns   (4.416 ns .. 4.451 ns)
std dev              62.17 ps   (41.44 ps .. 92.33 ps)
variance introduced by outliers: 19% (moderately inflated)

benchmarking Mochila/memoKnapsack_memoize2
time                 4.439 ns   (4.416 ns .. 4.459 ns)
                     1.000 R²   (1.000 R² .. 1.000 R²)
mean                 4.437 ns   (4.412 ns .. 4.466 ns)
std dev              88.01 ps   (69.47 ps .. 117.0 ps)
variance introduced by outliers: 32% (moderately inflated)

benchmarking Mochila/memoKnapsack_memoize3
time                 4.480 ns   (4.448 ns .. 4.520 ns)
                     0.999 R²   (0.999 R² .. 1.000 R²)
mean                 4.475 ns   (4.453 ns .. 4.518 ns)
std dev              98.44 ps   (54.40 ps .. 146.7 ps)
variance introduced by outliers: 36% (moderately inflated)

----EJECUTANDO BENCHMARK [(4, 12), (2, 2), (2, 1), (1, 1), (10, 4), (4, 12), (2, 2), (2, 1), (1, 1), (10, 4), (4, 12), (2, 2), (2, 1), (1, 1), (10, 4)] 50--
benchmarking Mochila/memoKnapsack_memoize
time                 4.479 ns   (4.432 ns .. 4.546 ns)
                     0.999 R²   (0.998 R² .. 1.000 R²)
mean                 4.476 ns   (4.449 ns .. 4.526 ns)
std dev              124.5 ps   (80.18 ps .. 200.9 ps)
variance introduced by outliers: 48% (moderately inflated)

benchmarking Mochila/memoKnapsack_memoize2
time                 4.444 ns   (4.421 ns .. 4.467 ns)
                     1.000 R²   (1.000 R² .. 1.000 R²)
mean                 4.475 ns   (4.452 ns .. 4.508 ns)
std dev              90.50 ps   (64.33 ps .. 168.5 ps)
variance introduced by outliers: 32% (moderately inflated)

benchmarking Mochila/memoKnapsack_memoize3
time                 4.422 ns   (4.393 ns .. 4.450 ns)
                     1.000 R²   (1.000 R² .. 1.000 R²)
mean                 4.429 ns   (4.408 ns .. 4.446 ns)
std dev              64.13 ps   (50.65 ps .. 79.20 ps)
variance introduced by outliers: 20% (moderately inflated)

----EJECUTANDO BENCHMARK [(4, 12), (2, 2), (2, 1), (1, 1), (10, 4),(4, 12), (2, 2), (2, 1), (1, 1), (10, 4),(4, 12), (2, 2), (2, 1), (1, 1), (10, 4), (5, 5), (3,8), (1,1), (9,1), (7, 3), (5, 5), (3,8), (1,1), (9,1), (7, 3)] 100-
benchmarking Mochila/memoKnapsack_memoize
time                 4.399 ns   (4.366 ns .. 4.425 ns)
                     1.000 R²   (1.000 R² .. 1.000 R²)
mean                 4.393 ns   (4.364 ns .. 4.421 ns)
std dev              89.95 ps   (77.76 ps .. 110.3 ps)
variance introduced by outliers: 33% (moderately inflated)

benchmarking Mochila/memoKnapsack_memoize2
time                 4.419 ns   (4.389 ns .. 4.448 ns)
                     1.000 R²   (1.000 R² .. 1.000 R²)
mean                 4.439 ns   (4.421 ns .. 4.456 ns)
std dev              57.37 ps   (44.41 ps .. 72.82 ps)
variance introduced by outliers: 16% (moderately inflated)

benchmarking Mochila/memoKnapsack_memoize3
time                 4.368 ns   (4.335 ns .. 4.403 ns)
                     1.000 R²   (0.999 R² .. 1.000 R²)
mean                 4.373 ns   (4.346 ns .. 4.414 ns)
std dev              111.7 ps   (86.70 ps .. 159.3 ps)
variance introduced by outliers: 44% (moderately inflated)

----EJECUTANDO BENCHMARK [(4, 12), (2, 2), (2, 1), (1, 1), (10, 4),(4, 12), (2, 2), (2, 1), (1, 1), (10, 4),(4, 12), (2, 2), (2, 1), (1, 1), (10, 4), (5, 5), (3,8), (1,1), (9,1), (7, 3), (5, 5), (3,8), (1,1), (9,1), (7, 3), (10, 4), (5, 5), (3,8), (1,1), (9,1), (7, 3), (5, 5), (3,8), (1,1), (9,1), (7, 3)]) 140-
benchmarking Mochila/memoKnapsack_memoize
time                 4.453 ns   (4.438 ns .. 4.467 ns)
                     1.000 R²   (1.000 R² .. 1.000 R²)
mean                 4.438 ns   (4.414 ns .. 4.455 ns)
std dev              64.89 ps   (44.78 ps .. 88.28 ps)
variance introduced by outliers: 20% (moderately inflated)

benchmarking Mochila/memoKnapsack_memoize2
time                 4.428 ns   (4.399 ns .. 4.452 ns)
                     1.000 R²   (1.000 R² .. 1.000 R²)
mean                 4.423 ns   (4.401 ns .. 4.443 ns)
std dev              70.76 ps   (55.86 ps .. 89.59 ps)
variance introduced by outliers: 23% (moderately inflated)

benchmarking Mochila/memoKnapsack_memoize3
time                 4.433 ns   (4.407 ns .. 4.460 ns)
                     1.000 R²   (1.000 R² .. 1.000 R²)
mean                 4.436 ns   (4.417 ns .. 4.455 ns)
std dev              60.92 ps   (46.66 ps .. 87.33 ps)
variance introduced by outliers: 18% (moderately inflated)

