-----------------------------------------EJECUTANDO BENCHMARK N=40-----------------------------------------
benchmarking fibonacci/fibNaive
time                 1.218 s    (1.212 s .. 1.223 s)
                     1.000 R²   (1.000 R² .. 1.000 R²)
mean                 1.213 s    (1.211 s .. 1.215 s)
std dev              2.320 ms   (1.183 ms .. 2.918 ms)
variance introduced by outliers: 19% (moderately inflated)

benchmarking fibonacci/memoized_fib
time                 74.59 ns   (74.27 ns .. 74.91 ns)
                     1.000 R²   (1.000 R² .. 1.000 R²)
mean                 74.58 ns   (74.29 ns .. 74.93 ns)
std dev              1.060 ns   (764.6 ps .. 1.497 ns)
variance introduced by outliers: 16% (moderately inflated)

benchmarking fibonacci/memoized_fib_array
time                 802.1 ns   (799.3 ns .. 804.6 ns)
                     1.000 R²   (1.000 R² .. 1.000 R²)
mean                 800.6 ns   (798.4 ns .. 803.1 ns)
std dev              8.133 ns   (6.376 ns .. 10.27 ns)

-----------------------------------------EJECUTANDO BENCHMARK N=15000-----------------------------------------
benchmarking best algo/memoized_fib
time                 163.3 μs   (162.5 μs .. 164.0 μs)
                     1.000 R²   (1.000 R² .. 1.000 R²)
mean                 163.7 μs   (162.8 μs .. 164.6 μs)
std dev              3.034 μs   (2.195 μs .. 4.069 μs)
variance introduced by outliers: 12% (moderately inflated)

benchmarking best algo/memoized_fib_array
time                 5.226 ms   (5.195 ms .. 5.252 ms)
                     1.000 R²   (1.000 R² .. 1.000 R²)
mean                 5.095 ms   (5.052 ms .. 5.127 ms)
std dev              112.9 μs   (82.83 μs .. 161.0 μs)

-----------------------------------------EJECUTANDO BENCHMARK N=50000-----------------------------------------
benchmarking best algo/memoized_fib
time                 1.139 ms   (1.099 ms .. 1.177 ms)
                     0.991 R²   (0.988 R² .. 0.995 R²)
mean                 1.153 ms   (1.124 ms .. 1.195 ms)
std dev              111.9 μs   (79.71 μs .. 185.7 μs)
variance introduced by outliers: 71% (severely inflated)

benchmarking best algo/memoized_fib_array
time                 40.51 ms   (39.55 ms .. 41.23 ms)
                     0.999 R²   (0.997 R² .. 1.000 R²)
mean                 40.81 ms   (39.47 ms .. 42.08 ms)
std dev              2.713 ms   (1.772 ms .. 4.884 ms)
variance introduced by outliers: 25% (moderately inflated)

-----------------------------------------EJECUTANDO BENCHMARK N=100000-----------------------------------------
benchmarking best algo/memoized_fib
time                 1.782 ms   (1.728 ms .. 1.853 ms)
                     0.989 R²   (0.983 R² .. 0.994 R²)
mean                 1.849 ms   (1.806 ms .. 1.904 ms)
std dev              165.3 μs   (122.0 μs .. 217.7 μs)
variance introduced by outliers: 65% (severely inflated)

benchmarking best algo/memoized_fib_array
time                 83.74 ms   (81.00 ms .. 86.68 ms)
                     0.998 R²   (0.993 R² .. 1.000 R²)
mean                 82.22 ms   (81.16 ms .. 83.64 ms)
std dev              2.167 ms   (1.617 ms .. 2.963 ms)

-----------------------------------------EJECUTANDO BENCHMARK N=130000-----------------------------------------
benchmarking best algo/memoized_fib
time                 1.950 ms   (1.890 ms .. 2.013 ms)
                     0.994 R²   (0.992 R² .. 0.997 R²)
mean                 1.958 ms   (1.928 ms .. 2.000 ms)
std dev              123.9 μs   (97.03 μs .. 166.7 μs)
variance introduced by outliers: 47% (moderately inflated)

benchmarking best algo/memoized_fib_array
time                 490.5 ms   (478.8 ms .. NaN s)
                     1.000 R²   (1.000 R² .. 1.000 R²)
mean                 497.9 ms   (493.4 ms .. 506.0 ms)
std dev              7.813 ms   (651.6 μs .. 9.711 ms)
variance introduced by outliers: 19% (moderately inflated)

