-----------------------------------------EJECUTANDO BENCHMARK N=40-----------------------------------------
benchmarking fibonacci/fibNaive
time                 1.197 s    (1.179 s .. 1.212 s)
                     1.000 R²   (1.000 R² .. NaN R²)
mean                 1.197 s    (1.195 s .. 1.202 s)
std dev              3.994 ms   (379.1 μs .. 5.069 ms)
cycles:              1.000 R²   (1.000 R² .. 1.000 R²)
  iters              4.193e9    (4.130e9 .. 4.246e9)
  y                  7209667.000 (-1.137e8 .. 1.708e8)
variance introduced by outliers: 19% (moderately inflated)

benchmarking fibonacci/memoized_fib
time                 73.64 ns   (73.29 ns .. 73.94 ns)
                     1.000 R²   (1.000 R² .. 1.000 R²)
mean                 73.52 ns   (73.24 ns .. 73.86 ns)
std dev              1.086 ns   (916.2 ps .. 1.440 ns)
cycles:              1.000 R²   (1.000 R² .. 1.000 R²)
  iters              258.046    (256.896 .. 259.099)
  y                  -70690.122 (-197276.526 .. 57102.809)
variance introduced by outliers: 17% (moderately inflated)

benchmarking fibonacci/memoized_fib_array
time                 785.4 ns   (781.6 ns .. 789.4 ns)
                     1.000 R²   (1.000 R² .. 1.000 R²)
mean                 785.9 ns   (783.0 ns .. 789.1 ns)
std dev              10.25 ns   (8.513 ns .. 12.79 ns)
cycles:              1.000 R²   (1.000 R² .. 1.000 R²)
  iters              2752.014   (2738.448 .. 2765.865)
  y                  -12597.604 (-192877.311 .. 154564.972)
variance introduced by outliers: 12% (moderately inflated)

-----------------------------------------EJECUTANDO BENCHMARK N=15000-----------------------------------------
benchmarking best algo/memoized_fib
time                 164.8 μs   (163.4 μs .. 166.2 μs)
                     0.999 R²   (0.999 R² .. 1.000 R²)
mean                 164.0 μs   (162.9 μs .. 164.9 μs)
std dev              3.495 μs   (2.984 μs .. 4.029 μs)
cycles:              0.999 R²   (0.999 R² .. 1.000 R²)
  iters              577424.957 (572626.165 .. 582012.780)
  y                  -143347.453 (-953376.295 .. 594859.514)
variance introduced by outliers: 15% (moderately inflated)

benchmarking best algo/memoized_fib_array
time                 5.091 ms   (5.059 ms .. 5.129 ms)
                     0.999 R²   (0.999 R² .. 1.000 R²)
mean                 4.977 ms   (4.938 ms .. 5.011 ms)
std dev              114.5 μs   (88.18 μs .. 149.1 μs)
cycles:              0.999 R²   (0.999 R² .. 1.000 R²)
  iters              1.784e7    (1.772e7 .. 1.796e7)
  y                  -8001889.461 (-1.036e7 .. -5720101.311)

-----------------------------------------EJECUTANDO BENCHMARK N=50000-----------------------------------------
benchmarking best algo/memoized_fib
time                 1.034 ms   (1.012 ms .. 1.062 ms)
                     0.993 R²   (0.985 R² .. 0.998 R²)
mean                 1.035 ms   (1.016 ms .. 1.077 ms)
std dev              90.58 μs   (61.49 μs .. 138.6 μs)
cycles:              0.993 R²   (0.986 R² .. 0.998 R²)
  iters              3623892.317 (3542635.588 .. 3718036.039)
  y                  -752575.560 (-4256959.316 .. 2516839.975)
variance introduced by outliers: 67% (severely inflated)

benchmarking best algo/memoized_fib_array
time                 40.08 ms   (39.32 ms .. 40.85 ms)
                     0.999 R²   (0.997 R² .. 1.000 R²)
mean                 39.86 ms   (38.43 ms .. 40.88 ms)
std dev              2.427 ms   (1.220 ms .. 3.952 ms)
cycles:              0.999 R²   (0.997 R² .. 1.000 R²)
  iters              1.404e8    (1.378e8 .. 1.429e8)
  y                  -1949080.781 (-2.934e7 .. 2.660e7)
variance introduced by outliers: 19% (moderately inflated)

-----------------------------------------EJECUTANDO BENCHMARK N=100000-----------------------------------------
benchmarking best algo/memoized_fib
time                 1.541 ms   (1.507 ms .. 1.575 ms)
                     0.996 R²   (0.994 R² .. 0.998 R²)
mean                 1.541 ms   (1.521 ms .. 1.566 ms)
std dev              73.50 μs   (59.53 μs .. 92.05 μs)
cycles:              0.996 R²   (0.994 R² .. 0.998 R²)
  iters              5398745.570 (5280667.137 .. 5508227.208)
  y                  1493764.883 (-2782350.246 .. 5704072.133)
variance introduced by outliers: 34% (moderately inflated)

benchmarking best algo/memoized_fib_array
time                 82.36 ms   (79.88 ms .. 85.07 ms)
                     0.998 R²   (0.993 R² .. 1.000 R²)
mean                 80.72 ms   (79.33 ms .. 82.24 ms)
std dev              2.314 ms   (1.623 ms .. 3.796 ms)
cycles:              0.998 R²   (0.993 R² .. 1.000 R²)
  iters              2.886e8    (2.800e8 .. 2.978e8)
  y                  -1.919e7   (-4.884e7 .. 1.415e7)

-----------------------------------------EJECUTANDO BENCHMARK N=130000-----------------------------------------
benchmarking best algo/memoized_fib
time                 1.929 ms   (1.877 ms .. 1.984 ms)
                     0.992 R²   (0.985 R² .. 0.997 R²)
mean                 1.935 ms   (1.908 ms .. 1.977 ms)
std dev              114.2 μs   (91.75 μs .. 158.9 μs)
cycles:              0.992 R²   (0.984 R² .. 0.997 R²)
  iters              6759303.406 (6579945.392 .. 6962148.091)
  y                  -141047.582 (-4701325.840 .. 4674847.149)
variance introduced by outliers: 43% (moderately inflated)

benchmarking best algo/memoized_fib_array
time                 493.4 ms   (479.5 ms .. 501.3 ms)
                     1.000 R²   (1.000 R² .. 1.000 R²)
mean                 493.5 ms   (489.9 ms .. 496.0 ms)
std dev              3.814 ms   (2.087 ms .. 5.366 ms)
cycles:              1.000 R²   (NaN R² .. 1.000 R²)
  iters              1.729e9    (1.680e9 .. 1.757e9)
  y                  -3311041.000 (NaN .. 6.513e7)
variance introduced by outliers: 19% (moderately inflated)

